 ________  ________ ___  ___       _______
|\_____  \|\  _____\\  \|\  \     |\  ___ \
 \|___/  /\ \  \__/\ \  \ \  \    \ \  ___
     /  / /\ \   __\\ \  \ \  \    \ \  ___\
    /  /_/__\ \  \_| \ \  \ \  \____\ \  _____
   |\________\ \__\   \ \__\ \_______\ \_______\
    \|_______|\|__|    \|__|\|_______|\|_______|
2023-03-14 01:16:09.545  INFO 1300 --- [                                    ] [          ] [               ] [           main] im.zhaojun.zfile.ZfileApplication        55     : Starting ZfileApplication using Java 11.0.13 on 58789d3118ac with PID 1300 (/home/runner/zfile-replit/zfile/WEB-INF/classes started by runner in /home/runner/zfile-replit/zfile)
2023-03-14 01:16:09.556  INFO 1300 --- [                                    ] [          ] [               ] [           main] im.zhaojun.zfile.ZfileApplication        651    : The following 1 profile is active: "prod"
2023-03-14 01:16:24.423  INFO 1300 --- [                                    ] [          ] [               ] [           main] o.s.b.w.embedded.tomcat.TomcatWebServer  108    : Tomcat initialized with port(s): 8080 (http)
2023-03-14 01:16:24.577  INFO 1300 --- [                                    ] [          ] [               ] [           main] o.a.coyote.http11.Http11NioProtocol      173    : Initializing ProtocolHandler ["http-nio-8080"]
2023-03-14 01:16:24.590  INFO 1300 --- [                                    ] [          ] [               ] [           main] o.apache.catalina.core.StandardService   173    : Starting service [Tomcat]
2023-03-14 01:16:24.597  INFO 1300 --- [                                    ] [          ] [               ] [           main] org.apache.catalina.core.StandardEngine  173    : Starting Servlet engine: [Apache Tomcat/9.0.63]
2023-03-14 01:16:26.418  INFO 1300 --- [                                    ] [          ] [               ] [           main] o.a.c.c.C.[Tomcat].[localhost].[/]       173    : Initializing Spring embedded WebApplicationContext
2023-03-14 01:16:26.424  INFO 1300 --- [                                    ] [          ] [               ] [           main] w.s.c.ServletWebServerApplicationContext 290    : Root WebApplicationContext: initialization completed in 16547 ms
2023-03-14 01:16:29.405  INFO 1300 --- [                                    ] [          ] [               ] [           main] com.zaxxer.hikari.HikariDataSource       110    : HikariPool-1 - Starting...
2023-03-14 01:16:29.970  INFO 1300 --- [                                    ] [          ] [               ] [           main] com.zaxxer.hikari.HikariDataSource       123    : HikariPool-1 - Start completed.
2023-03-14 01:16:30.371  INFO 1300 --- [                                    ] [          ] [               ] [           main] o.f.c.internal.license.VersionPrinter    44     : Flyway Community Edition 7.15.0 by Redgate
2023-03-14 01:16:30.373  INFO 1300 --- [                                    ] [          ] [               ] [           main] o.f.c.i.database.base.BaseDatabaseType   44     : Database: jdbc:sqlite:/home/runner/zfile-replit/.zfile-v4/db/zfile (SQLite 3.36)
2023-03-14 01:16:30.552  INFO 1300 --- [                                    ] [          ] [               ] [           main] o.f.core.internal.command.DbValidate     44     : Successfully validated 15 migrations (execution time 00:00.073s)
2023-03-14 01:16:30.568  INFO 1300 --- [                                    ] [          ] [               ] [           main] o.f.core.internal.command.DbMigrate      44     : Current version of schema "main": 17
2023-03-14 01:16:30.574  WARN 1300 --- [                                    ] [          ] [               ] [           main] o.f.core.internal.command.DbMigrate      48     : outOfOrder mode is active. Migration of schema "main" may not be reproducible.
2023-03-14 01:16:30.575  INFO 1300 --- [                                    ] [          ] [               ] [           main] o.f.core.internal.command.DbMigrate      44     : Schema "main" is up to date. No migration necessary.
 _ _   |_  _ _|_. ___ _ |    _ 
| | |\/|_)(_| | |_\  |_)||_|_\ 
     /               |         
                        3.5.3.1 
2023-03-14 01:16:49.165  INFO 1300 --- [                                    ] [          ] [               ] [           main] o.h.validator.internal.util.Version      21     : HV000001: Hibernate Validator 6.2.3.Final
2023-03-14 01:16:51.337  INFO 1300 --- [                                    ] [          ] [               ] [           main] o.s.b.a.w.s.WelcomePageHandlerMapping    53     : Adding welcome page: class path resource [static/index.html]
2023-03-14 01:16:53.385  INFO 1300 --- [                                    ] [          ] [               ] [           main] o.a.coyote.http11.Http11NioProtocol      173    : Starting ProtocolHandler ["http-nio-8080"]
2023-03-14 01:16:53.565  INFO 1300 --- [                                    ] [          ] [               ] [           main] o.s.b.w.embedded.tomcat.TomcatWebServer  220    : Tomcat started on port(s): 8080 (http) with context path ''
2023-03-14 01:17:01.011  INFO 1300 --- [                                    ] [          ] [               ] [           main] im.zhaojun.zfile.ZfileApplication        61     : Started ZfileApplication in 55.612 seconds (JVM running for 58.224)
2023-03-14 01:17:01.961  INFO 1300 --- [                                    ] [          ] [               ] [nio-8080-exec-1] o.a.c.c.C.[Tomcat].[localhost].[/]       173    : Initializing Spring DispatcherServlet 'dispatcherServlet'
2023-03-14 01:17:01.968  INFO 1300 --- [                                    ] [          ] [               ] [nio-8080-exec-1] o.s.web.servlet.DispatcherServlet        525    : Initializing Servlet 'dispatcherServlet'
2023-03-14 01:17:01.971  INFO 1300 --- [                                    ] [          ] [               ] [nio-8080-exec-1] o.s.web.servlet.DispatcherServlet        547    : Completed initialization in 3 ms
2023-03-14 01:17:10.999  INFO 1300 --- [                                    ] [          ] [               ] [   scheduling-1] i.z.z.m.s.s.AccessTokenRefreshSchedule   31     : 开始执行需要定期刷新 AccessToken 存储源的定时任务
2023-03-14 01:17:11.000  INFO 1300 --- [                                    ] [          ] [               ] [   scheduling-1] i.z.z.m.s.s.AccessTokenRefreshSchedule   48     : 执行需要定期刷新 AccessToken 存储源的定时任务完成
