2023-03-11 11:01:25.982  INFO 47 --- [                                    ] [          ] [               ] [main] im.zhaojun.zfile.ZfileApplication        : Starting ZfileApplication using Java 11.0.13 on d880143c1742 with PID 47 (/home/runner/zfile/zfile/WEB-INF/classes started by runner in /home/runner/zfile/zfile)
2023-03-11 11:01:26.076  INFO 47 --- [                                    ] [          ] [               ] [main] im.zhaojun.zfile.ZfileApplication        : The following 1 profile is active: "prod"
2023-03-11 11:01:37.759  INFO 47 --- [                                    ] [          ] [               ] [main] o.s.b.w.embedded.tomcat.TomcatWebServer  : Tomcat initialized with port(s): 8080 (http)
2023-03-11 11:01:37.844  INFO 47 --- [                                    ] [          ] [               ] [main] o.a.coyote.http11.Http11NioProtocol      : Initializing ProtocolHandler ["http-nio-8080"]
2023-03-11 11:01:37.845  INFO 47 --- [                                    ] [          ] [               ] [main] o.apache.catalina.core.StandardService   : Starting service [Tomcat]
2023-03-11 11:01:37.845  INFO 47 --- [                                    ] [          ] [               ] [main] org.apache.catalina.core.StandardEngine  : Starting Servlet engine: [Apache Tomcat/9.0.63]
2023-03-11 11:01:38.977  INFO 47 --- [                                    ] [          ] [               ] [main] o.a.c.c.C.[Tomcat].[localhost].[/]       : Initializing Spring embedded WebApplicationContext
2023-03-11 11:01:38.978  INFO 47 --- [                                    ] [          ] [               ] [main] w.s.c.ServletWebServerApplicationContext : Root WebApplicationContext: initialization completed in 12640 ms
2023-03-11 11:01:41.064  INFO 47 --- [                                    ] [          ] [               ] [main] com.zaxxer.hikari.HikariDataSource       : HikariPool-1 - Starting...
2023-03-11 11:01:41.568  INFO 47 --- [                                    ] [          ] [               ] [main] com.zaxxer.hikari.HikariDataSource       : HikariPool-1 - Start completed.
2023-03-11 11:01:41.845  INFO 47 --- [                                    ] [          ] [               ] [main] o.f.c.internal.license.VersionPrinter    : Flyway Community Edition 7.15.0 by Redgate
2023-03-11 11:01:41.846  INFO 47 --- [                                    ] [          ] [               ] [main] o.f.c.i.database.base.BaseDatabaseType   : Database: jdbc:sqlite:/home/runner/zfile/.zfile-v4/db/zfile (SQLite 3.36)
2023-03-11 11:01:42.044  INFO 47 --- [                                    ] [          ] [               ] [main] o.f.core.internal.command.DbValidate     : Successfully validated 15 migrations (execution time 00:00.174s)
2023-03-11 11:01:42.049  INFO 47 --- [                                    ] [          ] [               ] [main] o.f.core.internal.command.DbMigrate      : Current version of schema "main": 17
2023-03-11 11:01:42.050  WARN 47 --- [                                    ] [          ] [               ] [main] o.f.core.internal.command.DbMigrate      : outOfOrder mode is active. Migration of schema "main" may not be reproducible.
2023-03-11 11:01:42.140  INFO 47 --- [                                    ] [          ] [               ] [main] o.f.core.internal.command.DbMigrate      : Schema "main" is up to date. No migration necessary.
2023-03-11 11:01:52.549  INFO 47 --- [                                    ] [          ] [               ] [main] o.h.validator.internal.util.Version      : HV000001: Hibernate Validator 6.2.3.Final
2023-03-11 11:01:53.859  INFO 47 --- [                                    ] [          ] [               ] [main] o.s.b.a.w.s.WelcomePageHandlerMapping    : Adding welcome page: class path resource [static/index.html]
2023-03-11 11:01:55.464  INFO 47 --- [                                    ] [          ] [               ] [main] o.a.coyote.http11.Http11NioProtocol      : Starting ProtocolHandler ["http-nio-8080"]
2023-03-11 11:01:55.623  INFO 47 --- [                                    ] [          ] [               ] [main] o.s.b.w.embedded.tomcat.TomcatWebServer  : Tomcat started on port(s): 8080 (http) with context path ''
2023-03-11 11:02:06.940  INFO 47 --- [                                    ] [          ] [               ] [main] im.zhaojun.zfile.ZfileApplication        : Started ZfileApplication in 44.386 seconds (JVM running for 46.799)
2023-03-11 11:02:16.844  INFO 47 --- [                                    ] [          ] [               ] [scheduling-1] i.z.z.m.s.s.AccessTokenRefreshSchedule   : 开始执行需要定期刷新 AccessToken 存储源的定时任务
2023-03-11 11:02:16.846  INFO 47 --- [                                    ] [          ] [               ] [scheduling-1] i.z.z.m.s.s.AccessTokenRefreshSchedule   : 执行需要定期刷新 AccessToken 存储源的定时任务完成
2023-03-11 11:02:20.942  INFO 47 --- [                                    ] [          ] [               ] [http-nio-8080-exec-1] o.a.c.c.C.[Tomcat].[localhost].[/]       : Initializing Spring DispatcherServlet 'dispatcherServlet'
2023-03-11 11:02:20.944  INFO 47 --- [                                    ] [          ] [               ] [http-nio-8080-exec-1] o.s.web.servlet.DispatcherServlet        : Initializing Servlet 'dispatcherServlet'
2023-03-11 11:02:20.947  INFO 47 --- [                                    ] [          ] [               ] [http-nio-8080-exec-1] o.s.web.servlet.DispatcherServlet        : Completed initialization in 2 ms
2023-03-11 11:12:16.844  INFO 47 --- [                                    ] [          ] [               ] [scheduling-1] i.z.z.m.s.s.AccessTokenRefreshSchedule   : 开始执行需要定期刷新 AccessToken 存储源的定时任务
2023-03-11 11:12:16.845  INFO 47 --- [                                    ] [          ] [               ] [scheduling-1] i.z.z.m.s.s.AccessTokenRefreshSchedule   : 执行需要定期刷新 AccessToken 存储源的定时任务完成
2023-03-11 11:22:16.846  INFO 47 --- [                                    ] [          ] [               ] [scheduling-1] i.z.z.m.s.s.AccessTokenRefreshSchedule   : 开始执行需要定期刷新 AccessToken 存储源的定时任务
2023-03-11 11:22:16.846  INFO 47 --- [                                    ] [          ] [               ] [scheduling-1] i.z.z.m.s.s.AccessTokenRefreshSchedule   : 执行需要定期刷新 AccessToken 存储源的定时任务完成
2023-03-11 17:46:42.675  INFO 46 --- [                                    ] [          ] [               ] [main] im.zhaojun.zfile.ZfileApplication        : Starting ZfileApplication using Java 11.0.13 on 126313ea18f9 with PID 46 (/home/runner/zfile/zfile/WEB-INF/classes started by runner in /home/runner/zfile/zfile)
2023-03-11 17:46:42.804  INFO 46 --- [                                    ] [          ] [               ] [main] im.zhaojun.zfile.ZfileApplication        : The following 1 profile is active: "prod"
2023-03-11 17:46:59.890  INFO 46 --- [                                    ] [          ] [               ] [main] o.s.b.w.embedded.tomcat.TomcatWebServer  : Tomcat initialized with port(s): 8080 (http)
2023-03-11 17:46:59.949  INFO 46 --- [                                    ] [          ] [               ] [main] o.a.coyote.http11.Http11NioProtocol      : Initializing ProtocolHandler ["http-nio-8080"]
2023-03-11 17:46:59.957  INFO 46 --- [                                    ] [          ] [               ] [main] o.apache.catalina.core.StandardService   : Starting service [Tomcat]
2023-03-11 17:46:59.974  INFO 46 --- [                                    ] [          ] [               ] [main] org.apache.catalina.core.StandardEngine  : Starting Servlet engine: [Apache Tomcat/9.0.63]
2023-03-11 17:47:01.506  INFO 46 --- [                                    ] [          ] [               ] [main] o.a.c.c.C.[Tomcat].[localhost].[/]       : Initializing Spring embedded WebApplicationContext
2023-03-11 17:47:01.527  INFO 46 --- [                                    ] [          ] [               ] [main] w.s.c.ServletWebServerApplicationContext : Root WebApplicationContext: initialization completed in 17912 ms
2023-03-11 17:47:04.294  INFO 46 --- [                                    ] [          ] [               ] [main] com.zaxxer.hikari.HikariDataSource       : HikariPool-1 - Starting...
2023-03-11 17:47:04.782  INFO 46 --- [                                    ] [          ] [               ] [main] com.zaxxer.hikari.HikariDataSource       : HikariPool-1 - Start completed.
2023-03-11 17:47:05.192  INFO 46 --- [                                    ] [          ] [               ] [main] o.f.c.internal.license.VersionPrinter    : Flyway Community Edition 7.15.0 by Redgate
2023-03-11 17:47:05.195  INFO 46 --- [                                    ] [          ] [               ] [main] o.f.c.i.database.base.BaseDatabaseType   : Database: jdbc:sqlite:/home/runner/zfile/.zfile-v4/db/zfile (SQLite 3.36)
2023-03-11 17:47:05.360  INFO 46 --- [                                    ] [          ] [               ] [main] o.f.core.internal.command.DbValidate     : Successfully validated 15 migrations (execution time 00:00.113s)
2023-03-11 17:47:05.376  INFO 46 --- [                                    ] [          ] [               ] [main] o.f.core.internal.command.DbMigrate      : Current version of schema "main": 17
2023-03-11 17:47:05.377  WARN 46 --- [                                    ] [          ] [               ] [main] o.f.core.internal.command.DbMigrate      : outOfOrder mode is active. Migration of schema "main" may not be reproducible.
2023-03-11 17:47:05.378  INFO 46 --- [                                    ] [          ] [               ] [main] o.f.core.internal.command.DbMigrate      : Schema "main" is up to date. No migration necessary.
2023-03-11 17:47:24.831  INFO 46 --- [                                    ] [          ] [               ] [main] o.h.validator.internal.util.Version      : HV000001: Hibernate Validator 6.2.3.Final
2023-03-11 17:47:27.323  INFO 46 --- [                                    ] [          ] [               ] [main] o.s.b.a.w.s.WelcomePageHandlerMapping    : Adding welcome page: class path resource [static/index.html]
2023-03-11 17:47:31.200  INFO 46 --- [                                    ] [          ] [               ] [main] o.a.coyote.http11.Http11NioProtocol      : Starting ProtocolHandler ["http-nio-8080"]
2023-03-11 17:47:31.278  INFO 46 --- [                                    ] [          ] [               ] [main] o.s.b.w.embedded.tomcat.TomcatWebServer  : Tomcat started on port(s): 8080 (http) with context path ''
2023-03-11 17:47:34.610  INFO 46 --- [                                    ] [          ] [               ] [http-nio-8080-exec-2] o.a.c.c.C.[Tomcat].[localhost].[/]       : Initializing Spring DispatcherServlet 'dispatcherServlet'
2023-03-11 17:47:34.641  INFO 46 --- [                                    ] [          ] [               ] [http-nio-8080-exec-2] o.s.web.servlet.DispatcherServlet        : Initializing Servlet 'dispatcherServlet'
2023-03-11 17:47:34.647  INFO 46 --- [                                    ] [          ] [               ] [http-nio-8080-exec-2] o.s.web.servlet.DispatcherServlet        : Completed initialization in 4 ms
2023-03-11 17:47:46.032  INFO 46 --- [                                    ] [          ] [               ] [main] im.zhaojun.zfile.ZfileApplication        : Started ZfileApplication in 69.542 seconds (JVM running for 72.573)
2023-03-11 17:47:55.982  INFO 46 --- [                                    ] [          ] [               ] [scheduling-1] i.z.z.m.s.s.AccessTokenRefreshSchedule   : 开始执行需要定期刷新 AccessToken 存储源的定时任务
2023-03-11 17:47:55.983  INFO 46 --- [                                    ] [          ] [               ] [scheduling-1] i.z.z.m.s.s.AccessTokenRefreshSchedule   : 执行需要定期刷新 AccessToken 存储源的定时任务完成
2023-03-11 17:48:09.792  INFO 46 --- [                                    ] [          ] [               ] [SpringApplicationShutdownHook] com.zaxxer.hikari.HikariDataSource       : HikariPool-1 - Shutdown initiated...
2023-03-11 17:48:09.808  INFO 46 --- [                                    ] [          ] [               ] [SpringApplicationShutdownHook] com.zaxxer.hikari.HikariDataSource       : HikariPool-1 - Shutdown completed.
2023-03-11 17:48:22.418  INFO 182 --- [                                    ] [          ] [               ] [main] im.zhaojun.zfile.ZfileApplication        : Starting ZfileApplication using Java 11.0.13 on 126313ea18f9 with PID 182 (/home/runner/zfile/zfile/WEB-INF/classes started by runner in /home/runner/zfile/zfile)
2023-03-11 17:48:22.430  INFO 182 --- [                                    ] [          ] [               ] [main] im.zhaojun.zfile.ZfileApplication        : The following 1 profile is active: "prod"
2023-03-11 17:48:39.348  INFO 182 --- [                                    ] [          ] [               ] [main] o.s.b.w.embedded.tomcat.TomcatWebServer  : Tomcat initialized with port(s): 8080 (http)
2023-03-11 17:48:39.431  INFO 182 --- [                                    ] [          ] [               ] [main] o.a.coyote.http11.Http11NioProtocol      : Initializing ProtocolHandler ["http-nio-8080"]
2023-03-11 17:48:39.462  INFO 182 --- [                                    ] [          ] [               ] [main] o.apache.catalina.core.StandardService   : Starting service [Tomcat]
2023-03-11 17:48:39.477  INFO 182 --- [                                    ] [          ] [               ] [main] org.apache.catalina.core.StandardEngine  : Starting Servlet engine: [Apache Tomcat/9.0.63]
2023-03-11 17:48:41.617  INFO 182 --- [                                    ] [          ] [               ] [main] o.a.c.c.C.[Tomcat].[localhost].[/]       : Initializing Spring embedded WebApplicationContext
2023-03-11 17:48:41.625  INFO 182 --- [                                    ] [          ] [               ] [main] w.s.c.ServletWebServerApplicationContext : Root WebApplicationContext: initialization completed in 18705 ms
2023-03-11 17:48:43.703  INFO 182 --- [                                    ] [          ] [               ] [main] com.zaxxer.hikari.HikariDataSource       : HikariPool-1 - Starting...
2023-03-11 17:48:44.269  INFO 182 --- [                                    ] [          ] [               ] [main] com.zaxxer.hikari.HikariDataSource       : HikariPool-1 - Start completed.
2023-03-11 17:48:44.506  INFO 182 --- [                                    ] [          ] [               ] [main] o.f.c.internal.license.VersionPrinter    : Flyway Community Edition 7.15.0 by Redgate
2023-03-11 17:48:44.510  INFO 182 --- [                                    ] [          ] [               ] [main] o.f.c.i.database.base.BaseDatabaseType   : Database: jdbc:sqlite:/home/runner/zfile/.zfile-v4/db/zfile (SQLite 3.36)
2023-03-11 17:48:44.809  INFO 182 --- [                                    ] [          ] [               ] [main] o.f.core.internal.command.DbValidate     : Successfully validated 15 migrations (execution time 00:00.149s)
2023-03-11 17:48:44.817  INFO 182 --- [                                    ] [          ] [               ] [main] o.f.c.i.s.JdbcTableSchemaHistory         : Creating Schema History table "main"."flyway_schema_history" ...
2023-03-11 17:48:44.923  INFO 182 --- [                                    ] [          ] [               ] [main] o.f.core.internal.command.DbMigrate      : Current version of schema "main": << Empty Schema >>
2023-03-11 17:48:44.926  WARN 182 --- [                                    ] [          ] [               ] [main] o.f.core.internal.command.DbMigrate      : outOfOrder mode is active. Migration of schema "main" may not be reproducible.
2023-03-11 17:48:45.016  INFO 182 --- [                                    ] [          ] [               ] [main] o.f.core.internal.command.DbMigrate      : Migrating schema "main" to version "1 - Base version"
2023-03-11 17:48:45.108  INFO 182 --- [                                    ] [          ] [               ] [main] o.f.core.internal.command.DbMigrate      : Migrating schema "main" to version "2 - download log modify storage key field length"
2023-03-11 17:48:45.130  INFO 182 --- [                                    ] [          ] [               ] [main] o.f.core.internal.command.DbMigrate      : Migrating schema "main" to version "3 - system config add field file click mode"
2023-03-11 17:48:45.202  INFO 182 --- [                                    ] [          ] [               ] [main] o.f.core.internal.command.DbMigrate      : Migrating schema "main" to version "4 - download log modify ip field length"
2023-03-11 17:48:45.222  INFO 182 --- [                                    ] [          ] [               ] [main] o.f.core.internal.command.DbMigrate      : Migrating schema "main" to version "7 - system config add field max file uploads"
2023-03-11 17:48:45.261  INFO 182 --- [                                    ] [          ] [               ] [main] o.f.core.internal.command.DbMigrate      : Migrating schema "main" to version "8 - storage source add field compatibility readme"
2023-03-11 17:48:45.324  INFO 182 --- [                                    ] [          ] [               ] [main] o.f.core.internal.command.DbMigrate      : Migrating schema "main" to version "9 - system config add field only office url"
2023-03-11 17:48:45.411  INFO 182 --- [                                    ] [          ] [               ] [main] o.f.core.internal.command.DbMigrate      : Migrating schema "main" to version "11 - system config modify field only office url to https"
2023-03-11 17:48:45.442  INFO 182 --- [                                    ] [          ] [               ] [main] o.f.core.internal.command.DbMigrate      : Migrating schema "main" to version "12 - system config modify field value to text"
2023-03-11 17:48:45.515  INFO 182 --- [                                    ] [          ] [               ] [main] o.f.core.internal.command.DbMigrate      : Migrating schema "main" to version "13 - system config add field allow path link anon access"
2023-03-11 17:48:45.596  INFO 182 --- [                                    ] [          ] [               ] [main] o.f.core.internal.command.DbMigrate      : Migrating schema "main" to version "14 - system config add field load more size"
2023-03-11 17:48:45.622  INFO 182 --- [                                    ] [          ] [               ] [main] o.f.core.internal.command.DbMigrate      : Migrating schema "main" to version "15 - system config add field site home name"
2023-03-11 17:48:45.638  INFO 182 --- [                                    ] [          ] [               ] [main] o.f.core.internal.command.DbMigrate      : Migrating schema "main" to version "16 - system config add field default sort field"
2023-03-11 17:48:45.650  INFO 182 --- [                                    ] [          ] [               ] [main] o.f.core.internal.command.DbMigrate      : Migrating schema "main" to version "17 - system config add field link limit field"
2023-03-11 17:48:45.744  INFO 182 --- [                                    ] [          ] [               ] [main] o.f.core.internal.command.DbMigrate      : Migrating schema "main" with repeatable migration "data"
2023-03-11 17:48:45.810  INFO 182 --- [                                    ] [          ] [               ] [main] o.f.core.internal.command.DbMigrate      : Successfully applied 15 migrations to schema "main", now at version v17 (execution time 00:00.891s)
2023-03-11 17:49:02.459  INFO 182 --- [                                    ] [          ] [               ] [main] o.h.validator.internal.util.Version      : HV000001: Hibernate Validator 6.2.3.Final
2023-03-11 17:49:04.230  INFO 182 --- [                                    ] [          ] [               ] [main] o.s.b.a.w.s.WelcomePageHandlerMapping    : Adding welcome page: class path resource [static/index.html]
2023-03-11 17:49:06.339  INFO 182 --- [                                    ] [          ] [               ] [main] o.a.coyote.http11.Http11NioProtocol      : Starting ProtocolHandler ["http-nio-8080"]
2023-03-11 17:49:06.523  INFO 182 --- [                                    ] [          ] [               ] [main] o.s.b.w.embedded.tomcat.TomcatWebServer  : Tomcat started on port(s): 8080 (http) with context path ''
2023-03-11 17:49:12.461  INFO 182 --- [                                    ] [          ] [               ] [http-nio-8080-exec-2] o.a.c.c.C.[Tomcat].[localhost].[/]       : Initializing Spring DispatcherServlet 'dispatcherServlet'
2023-03-11 17:49:12.474  INFO 182 --- [                                    ] [          ] [               ] [http-nio-8080-exec-2] o.s.web.servlet.DispatcherServlet        : Initializing Servlet 'dispatcherServlet'
2023-03-11 17:49:12.505  INFO 182 --- [                                    ] [          ] [               ] [http-nio-8080-exec-2] o.s.web.servlet.DispatcherServlet        : Completed initialization in 31 ms
2023-03-11 17:49:16.343  INFO 182 --- [                                    ] [          ] [               ] [main] im.zhaojun.zfile.ZfileApplication        : Started ZfileApplication in 60.597 seconds (JVM running for 65.288)
2023-03-11 17:49:26.324  INFO 182 --- [                                    ] [          ] [               ] [scheduling-1] i.z.z.m.s.s.AccessTokenRefreshSchedule   : 开始执行需要定期刷新 AccessToken 存储源的定时任务
2023-03-11 17:49:26.325  INFO 182 --- [                                    ] [          ] [               ] [scheduling-1] i.z.z.m.s.s.AccessTokenRefreshSchedule   : 执行需要定期刷新 AccessToken 存储源的定时任务完成
2023-03-11 17:59:26.323  INFO 182 --- [                                    ] [          ] [               ] [scheduling-1] i.z.z.m.s.s.AccessTokenRefreshSchedule   : 开始执行需要定期刷新 AccessToken 存储源的定时任务
2023-03-11 17:59:26.328  INFO 182 --- [                                    ] [          ] [               ] [scheduling-1] i.z.z.m.s.s.AccessTokenRefreshSchedule   : 执行需要定期刷新 AccessToken 存储源的定时任务完成
2023-03-11 18:09:26.324  INFO 182 --- [                                    ] [          ] [               ] [scheduling-1] i.z.z.m.s.s.AccessTokenRefreshSchedule   : 开始执行需要定期刷新 AccessToken 存储源的定时任务
2023-03-11 18:09:26.325  INFO 182 --- [                                    ] [          ] [               ] [scheduling-1] i.z.z.m.s.s.AccessTokenRefreshSchedule   : 执行需要定期刷新 AccessToken 存储源的定时任务完成
2023-03-11 18:19:26.323  INFO 182 --- [                                    ] [          ] [               ] [scheduling-1] i.z.z.m.s.s.AccessTokenRefreshSchedule   : 开始执行需要定期刷新 AccessToken 存储源的定时任务
2023-03-11 18:19:26.324  INFO 182 --- [                                    ] [          ] [               ] [scheduling-1] i.z.z.m.s.s.AccessTokenRefreshSchedule   : 执行需要定期刷新 AccessToken 存储源的定时任务完成
2023-03-11 18:29:26.322  INFO 182 --- [                                    ] [          ] [               ] [scheduling-1] i.z.z.m.s.s.AccessTokenRefreshSchedule   : 开始执行需要定期刷新 AccessToken 存储源的定时任务
2023-03-11 18:29:26.323  INFO 182 --- [                                    ] [          ] [               ] [scheduling-1] i.z.z.m.s.s.AccessTokenRefreshSchedule   : 执行需要定期刷新 AccessToken 存储源的定时任务完成
2023-03-11 18:39:26.322  INFO 182 --- [                                    ] [          ] [               ] [scheduling-1] i.z.z.m.s.s.AccessTokenRefreshSchedule   : 开始执行需要定期刷新 AccessToken 存储源的定时任务
2023-03-11 18:39:26.323  INFO 182 --- [                                    ] [          ] [               ] [scheduling-1] i.z.z.m.s.s.AccessTokenRefreshSchedule   : 执行需要定期刷新 AccessToken 存储源的定时任务完成
2023-03-11 18:49:26.322  INFO 182 --- [                                    ] [          ] [               ] [scheduling-1] i.z.z.m.s.s.AccessTokenRefreshSchedule   : 开始执行需要定期刷新 AccessToken 存储源的定时任务
2023-03-11 18:49:26.323  INFO 182 --- [                                    ] [          ] [               ] [scheduling-1] i.z.z.m.s.s.AccessTokenRefreshSchedule   : 执行需要定期刷新 AccessToken 存储源的定时任务完成
2023-03-11 18:59:26.322  INFO 182 --- [                                    ] [          ] [               ] [scheduling-1] i.z.z.m.s.s.AccessTokenRefreshSchedule   : 开始执行需要定期刷新 AccessToken 存储源的定时任务
2023-03-11 18:59:26.323  INFO 182 --- [                                    ] [          ] [               ] [scheduling-1] i.z.z.m.s.s.AccessTokenRefreshSchedule   : 执行需要定期刷新 AccessToken 存储源的定时任务完成
2023-03-11 19:09:26.322  INFO 182 --- [                                    ] [          ] [               ] [scheduling-1] i.z.z.m.s.s.AccessTokenRefreshSchedule   : 开始执行需要定期刷新 AccessToken 存储源的定时任务
2023-03-11 19:09:26.323  INFO 182 --- [                                    ] [          ] [               ] [scheduling-1] i.z.z.m.s.s.AccessTokenRefreshSchedule   : 执行需要定期刷新 AccessToken 存储源的定时任务完成
2023-03-11 19:19:26.324  INFO 182 --- [                                    ] [          ] [               ] [scheduling-1] i.z.z.m.s.s.AccessTokenRefreshSchedule   : 开始执行需要定期刷新 AccessToken 存储源的定时任务
2023-03-11 19:19:26.325  INFO 182 --- [                                    ] [          ] [               ] [scheduling-1] i.z.z.m.s.s.AccessTokenRefreshSchedule   : 执行需要定期刷新 AccessToken 存储源的定时任务完成
2023-03-11 19:29:26.326  INFO 182 --- [                                    ] [          ] [               ] [scheduling-1] i.z.z.m.s.s.AccessTokenRefreshSchedule   : 开始执行需要定期刷新 AccessToken 存储源的定时任务
2023-03-11 19:29:26.326  INFO 182 --- [                                    ] [          ] [               ] [scheduling-1] i.z.z.m.s.s.AccessTokenRefreshSchedule   : 执行需要定期刷新 AccessToken 存储源的定时任务完成
2023-03-11 19:39:26.322  INFO 182 --- [                                    ] [          ] [               ] [scheduling-1] i.z.z.m.s.s.AccessTokenRefreshSchedule   : 开始执行需要定期刷新 AccessToken 存储源的定时任务
2023-03-11 19:39:26.323  INFO 182 --- [                                    ] [          ] [               ] [scheduling-1] i.z.z.m.s.s.AccessTokenRefreshSchedule   : 执行需要定期刷新 AccessToken 存储源的定时任务完成
2023-03-11 19:49:26.323  INFO 182 --- [                                    ] [          ] [               ] [scheduling-1] i.z.z.m.s.s.AccessTokenRefreshSchedule   : 开始执行需要定期刷新 AccessToken 存储源的定时任务
2023-03-11 19:49:26.323  INFO 182 --- [                                    ] [          ] [               ] [scheduling-1] i.z.z.m.s.s.AccessTokenRefreshSchedule   : 执行需要定期刷新 AccessToken 存储源的定时任务完成
2023-03-11 19:59:26.323  INFO 182 --- [                                    ] [          ] [               ] [scheduling-1] i.z.z.m.s.s.AccessTokenRefreshSchedule   : 开始执行需要定期刷新 AccessToken 存储源的定时任务
2023-03-11 19:59:26.324  INFO 182 --- [                                    ] [          ] [               ] [scheduling-1] i.z.z.m.s.s.AccessTokenRefreshSchedule   : 执行需要定期刷新 AccessToken 存储源的定时任务完成
2023-03-11 20:09:26.323  INFO 182 --- [                                    ] [          ] [               ] [scheduling-1] i.z.z.m.s.s.AccessTokenRefreshSchedule   : 开始执行需要定期刷新 AccessToken 存储源的定时任务
2023-03-11 20:09:26.323  INFO 182 --- [                                    ] [          ] [               ] [scheduling-1] i.z.z.m.s.s.AccessTokenRefreshSchedule   : 执行需要定期刷新 AccessToken 存储源的定时任务完成
2023-03-11 20:19:26.323  INFO 182 --- [                                    ] [          ] [               ] [scheduling-1] i.z.z.m.s.s.AccessTokenRefreshSchedule   : 开始执行需要定期刷新 AccessToken 存储源的定时任务
2023-03-11 20:19:26.324  INFO 182 --- [                                    ] [          ] [               ] [scheduling-1] i.z.z.m.s.s.AccessTokenRefreshSchedule   : 执行需要定期刷新 AccessToken 存储源的定时任务完成
2023-03-11 20:26:13.065  INFO 182 --- [                                    ] [          ] [               ] [SpringApplicationShutdownHook] com.zaxxer.hikari.HikariDataSource       : HikariPool-1 - Shutdown initiated...
2023-03-11 20:26:13.108  INFO 182 --- [                                    ] [          ] [               ] [SpringApplicationShutdownHook] com.zaxxer.hikari.HikariDataSource       : HikariPool-1 - Shutdown completed.
2023-03-11 20:26:46.508  INFO 2599 --- [                                    ] [          ] [               ] [main] im.zhaojun.zfile.ZfileApplication        : Starting ZfileApplication using Java 11.0.13 on 126313ea18f9 with PID 2599 (/home/runner/zfile/zfile/WEB-INF/classes started by runner in /home/runner/zfile/zfile)
2023-03-11 20:26:46.560  INFO 2599 --- [                                    ] [          ] [               ] [main] im.zhaojun.zfile.ZfileApplication        : The following 1 profile is active: "prod"
2023-03-11 20:27:02.801  INFO 2599 --- [                                    ] [          ] [               ] [main] o.s.b.w.embedded.tomcat.TomcatWebServer  : Tomcat initialized with port(s): 8080 (http)
2023-03-11 20:27:04.321  INFO 2599 --- [                                    ] [          ] [               ] [main] w.s.c.ServletWebServerApplicationContext : Root WebApplicationContext: initialization completed in 17405 ms
2023-03-11 20:27:06.606  INFO 2599 --- [                                    ] [          ] [               ] [main] com.zaxxer.hikari.HikariDataSource       : HikariPool-1 - Starting...
2023-03-11 20:27:07.214  INFO 2599 --- [                                    ] [          ] [               ] [main] com.zaxxer.hikari.HikariDataSource       : HikariPool-1 - Start completed.
2023-03-11 20:27:07.523  INFO 2599 --- [                                    ] [          ] [               ] [main] o.f.c.internal.license.VersionPrinter    : Flyway Community Edition 7.15.0 by Redgate
2023-03-11 20:27:07.525  INFO 2599 --- [                                    ] [          ] [               ] [main] o.f.c.i.database.base.BaseDatabaseType   : Database: jdbc:sqlite:/home/runner/zfile/.zfile-v4/db/zfile (SQLite 3.36)
2023-03-11 20:27:07.917  INFO 2599 --- [                                    ] [          ] [               ] [main] o.f.core.internal.command.DbValidate     : Successfully validated 15 migrations (execution time 00:00.212s)
2023-03-11 20:27:08.004  INFO 2599 --- [                                    ] [          ] [               ] [main] o.f.core.internal.command.DbMigrate      : Current version of schema "main": 17
2023-03-11 20:27:08.007  WARN 2599 --- [                                    ] [          ] [               ] [main] o.f.core.internal.command.DbMigrate      : outOfOrder mode is active. Migration of schema "main" may not be reproducible.
2023-03-11 20:27:08.009  INFO 2599 --- [                                    ] [          ] [               ] [main] o.f.core.internal.command.DbMigrate      : Schema "main" is up to date. No migration necessary.
2023-03-11 20:27:23.115  INFO 2599 --- [                                    ] [          ] [               ] [main] o.h.validator.internal.util.Version      : HV000001: Hibernate Validator 6.2.3.Final
2023-03-11 20:27:25.548  INFO 2599 --- [                                    ] [          ] [               ] [main] o.s.b.a.w.s.WelcomePageHandlerMapping    : Adding welcome page: class path resource [static/index.html]
2023-03-11 20:27:28.077  INFO 2599 --- [                                    ] [          ] [               ] [main] o.s.b.w.embedded.tomcat.TomcatWebServer  : Tomcat started on port(s): 8080 (http) with context path ''
2023-03-11 20:27:36.043  INFO 2599 --- [                                    ] [          ] [               ] [http-nio-8080-exec-1] o.s.web.servlet.DispatcherServlet        : Initializing Servlet 'dispatcherServlet'
2023-03-11 20:27:36.120  INFO 2599 --- [                                    ] [          ] [               ] [http-nio-8080-exec-1] o.s.web.servlet.DispatcherServlet        : Completed initialization in 9 ms
2023-03-11 20:27:40.130  INFO 2599 --- [                                    ] [          ] [               ] [main] im.zhaojun.zfile.ZfileApplication        : Started ZfileApplication in 58.236 seconds (JVM running for 62.111)
2023-03-11 20:27:40.295  INFO 2599 --- [                                    ] [          ] [               ] [SpringApplicationShutdownHook] com.zaxxer.hikari.HikariDataSource       : HikariPool-1 - Shutdown initiated...
2023-03-11 20:27:40.307  INFO 2599 --- [                                    ] [          ] [               ] [SpringApplicationShutdownHook] com.zaxxer.hikari.HikariDataSource       : HikariPool-1 - Shutdown completed.
2023-03-11 20:28:50.857  INFO 2902 --- [                                    ] [          ] [               ] [main] im.zhaojun.zfile.ZfileApplication        : Starting ZfileApplication using Java 11.0.13 on 126313ea18f9 with PID 2902 (/home/runner/zfile/zfile/WEB-INF/classes started by runner in /home/runner/zfile/zfile)
2023-03-11 20:28:50.865  INFO 2902 --- [                                    ] [          ] [               ] [main] im.zhaojun.zfile.ZfileApplication        : The following 1 profile is active: "prod"
2023-03-11 20:29:05.766  INFO 2902 --- [                                    ] [          ] [               ] [main] o.s.b.w.embedded.tomcat.TomcatWebServer  : Tomcat initialized with port(s): 8080 (http)
2023-03-11 20:29:05.836  INFO 2902 --- [                                    ] [          ] [               ] [main] o.a.coyote.http11.Http11NioProtocol      : Initializing ProtocolHandler ["http-nio-8080"]
2023-03-11 20:29:05.839  INFO 2902 --- [                                    ] [          ] [               ] [main] o.apache.catalina.core.StandardService   : Starting service [Tomcat]
2023-03-11 20:29:05.840  INFO 2902 --- [                                    ] [          ] [               ] [main] org.apache.catalina.core.StandardEngine  : Starting Servlet engine: [Apache Tomcat/9.0.63]
2023-03-11 20:29:07.254  INFO 2902 --- [                                    ] [          ] [               ] [main] o.a.c.c.C.[Tomcat].[localhost].[/]       : Initializing Spring embedded WebApplicationContext
2023-03-11 20:29:07.257  INFO 2902 --- [                                    ] [          ] [               ] [main] w.s.c.ServletWebServerApplicationContext : Root WebApplicationContext: initialization completed in 15859 ms
2023-03-11 20:29:09.299  INFO 2902 --- [                                    ] [          ] [               ] [main] com.zaxxer.hikari.HikariDataSource       : HikariPool-1 - Starting...
2023-03-11 20:29:10.119  INFO 2902 --- [                                    ] [          ] [               ] [main] com.zaxxer.hikari.HikariDataSource       : HikariPool-1 - Start completed.
2023-03-11 20:29:10.595  INFO 2902 --- [                                    ] [          ] [               ] [main] o.f.c.internal.license.VersionPrinter    : Flyway Community Edition 7.15.0 by Redgate
2023-03-11 20:29:10.612  INFO 2902 --- [                                    ] [          ] [               ] [main] o.f.c.i.database.base.BaseDatabaseType   : Database: jdbc:sqlite:/home/runner/zfile/.zfile-v4/db/zfile (SQLite 3.36)
2023-03-11 20:29:11.068  INFO 2902 --- [                                    ] [          ] [               ] [main] o.f.core.internal.command.DbValidate     : Successfully validated 15 migrations (execution time 00:00.163s)
2023-03-11 20:29:11.114  INFO 2902 --- [                                    ] [          ] [               ] [main] o.f.core.internal.command.DbMigrate      : Current version of schema "main": 17
2023-03-11 20:29:11.116  WARN 2902 --- [                                    ] [          ] [               ] [main] o.f.core.internal.command.DbMigrate      : outOfOrder mode is active. Migration of schema "main" may not be reproducible.
2023-03-11 20:29:11.117  INFO 2902 --- [                                    ] [          ] [               ] [main] o.f.core.internal.command.DbMigrate      : Schema "main" is up to date. No migration necessary.
2023-03-11 20:29:27.244  INFO 2902 --- [                                    ] [          ] [               ] [main] o.h.validator.internal.util.Version      : HV000001: Hibernate Validator 6.2.3.Final
2023-03-11 20:29:29.464  INFO 2902 --- [                                    ] [          ] [               ] [main] o.s.b.a.w.s.WelcomePageHandlerMapping    : Adding welcome page: class path resource [static/index.html]
2023-03-11 20:29:31.716  INFO 2902 --- [                                    ] [          ] [               ] [main] o.a.coyote.http11.Http11NioProtocol      : Starting ProtocolHandler ["http-nio-8080"]
2023-03-11 20:29:32.008  INFO 2902 --- [                                    ] [          ] [               ] [main] o.s.b.w.embedded.tomcat.TomcatWebServer  : Tomcat started on port(s): 8080 (http) with context path ''
2023-03-11 20:29:40.696  INFO 2902 --- [                                    ] [          ] [               ] [main] im.zhaojun.zfile.ZfileApplication        : Started ZfileApplication in 54.313 seconds (JVM running for 58.33)
2023-03-11 20:29:43.544  INFO 2902 --- [                                    ] [          ] [               ] [http-nio-8080-exec-2] o.a.c.c.C.[Tomcat].[localhost].[/]       : Initializing Spring DispatcherServlet 'dispatcherServlet'
2023-03-11 20:29:43.604  INFO 2902 --- [                                    ] [          ] [               ] [http-nio-8080-exec-2] o.s.web.servlet.DispatcherServlet        : Initializing Servlet 'dispatcherServlet'
2023-03-11 20:29:43.622  INFO 2902 --- [                                    ] [          ] [               ] [http-nio-8080-exec-2] o.s.web.servlet.DispatcherServlet        : Completed initialization in 16 ms
2023-03-11 20:29:50.681  INFO 2902 --- [                                    ] [          ] [               ] [scheduling-1] i.z.z.m.s.s.AccessTokenRefreshSchedule   : 开始执行需要定期刷新 AccessToken 存储源的定时任务
2023-03-11 20:29:50.683  INFO 2902 --- [                                    ] [          ] [               ] [scheduling-1] i.z.z.m.s.s.AccessTokenRefreshSchedule   : 执行需要定期刷新 AccessToken 存储源的定时任务完成
2023-03-11 20:39:50.681  INFO 2902 --- [                                    ] [          ] [               ] [scheduling-1] i.z.z.m.s.s.AccessTokenRefreshSchedule   : 开始执行需要定期刷新 AccessToken 存储源的定时任务
2023-03-11 20:39:50.682  INFO 2902 --- [                                    ] [          ] [               ] [scheduling-1] i.z.z.m.s.s.AccessTokenRefreshSchedule   : 执行需要定期刷新 AccessToken 存储源的定时任务完成
2023-03-11 20:49:50.681  INFO 2902 --- [                                    ] [          ] [               ] [scheduling-1] i.z.z.m.s.s.AccessTokenRefreshSchedule   : 开始执行需要定期刷新 AccessToken 存储源的定时任务
2023-03-11 20:49:50.682  INFO 2902 --- [                                    ] [          ] [               ] [scheduling-1] i.z.z.m.s.s.AccessTokenRefreshSchedule   : 执行需要定期刷新 AccessToken 存储源的定时任务完成
2023-03-11 20:59:50.681  INFO 2902 --- [                                    ] [          ] [               ] [scheduling-1] i.z.z.m.s.s.AccessTokenRefreshSchedule   : 开始执行需要定期刷新 AccessToken 存储源的定时任务
2023-03-11 20:59:50.682  INFO 2902 --- [                                    ] [          ] [               ] [scheduling-1] i.z.z.m.s.s.AccessTokenRefreshSchedule   : 执行需要定期刷新 AccessToken 存储源的定时任务完成
2023-03-11 21:09:50.681  INFO 2902 --- [                                    ] [          ] [               ] [scheduling-1] i.z.z.m.s.s.AccessTokenRefreshSchedule   : 开始执行需要定期刷新 AccessToken 存储源的定时任务
2023-03-11 21:09:50.682  INFO 2902 --- [                                    ] [          ] [               ] [scheduling-1] i.z.z.m.s.s.AccessTokenRefreshSchedule   : 执行需要定期刷新 AccessToken 存储源的定时任务完成
2023-03-11 21:19:50.681  INFO 2902 --- [                                    ] [          ] [               ] [scheduling-1] i.z.z.m.s.s.AccessTokenRefreshSchedule   : 开始执行需要定期刷新 AccessToken 存储源的定时任务
2023-03-11 21:19:50.682  INFO 2902 --- [                                    ] [          ] [               ] [scheduling-1] i.z.z.m.s.s.AccessTokenRefreshSchedule   : 执行需要定期刷新 AccessToken 存储源的定时任务完成
2023-03-11 21:26:46.166  INFO 2902 --- [                                    ] [          ] [               ] [SpringApplicationShutdownHook] com.zaxxer.hikari.HikariDataSource       : HikariPool-1 - Shutdown initiated...
2023-03-11 21:26:46.174  INFO 2902 --- [                                    ] [          ] [               ] [SpringApplicationShutdownHook] com.zaxxer.hikari.HikariDataSource       : HikariPool-1 - Shutdown completed.
2023-03-11 21:53:44.199  INFO 52 --- [                                    ] [          ] [               ] [main] im.zhaojun.zfile.ZfileApplication        : Starting ZfileApplication using Java 11.0.13 on 29db6ba7af7e with PID 52 (/home/runner/zfile/zfile/WEB-INF/classes started by runner in /home/runner/zfile/zfile)
2023-03-11 21:53:44.203  INFO 52 --- [                                    ] [          ] [               ] [main] im.zhaojun.zfile.ZfileApplication        : The following 1 profile is active: "prod"
2023-03-11 21:53:57.794  INFO 52 --- [                                    ] [          ] [               ] [main] o.s.b.w.embedded.tomcat.TomcatWebServer  : Tomcat initialized with port(s): 8080 (http)
2023-03-11 21:53:57.887  INFO 52 --- [                                    ] [          ] [               ] [main] o.a.coyote.http11.Http11NioProtocol      : Initializing ProtocolHandler ["http-nio-8080"]
2023-03-11 21:53:57.888  INFO 52 --- [                                    ] [          ] [               ] [main] o.apache.catalina.core.StandardService   : Starting service [Tomcat]
2023-03-11 21:53:57.889  INFO 52 --- [                                    ] [          ] [               ] [main] org.apache.catalina.core.StandardEngine  : Starting Servlet engine: [Apache Tomcat/9.0.63]
2023-03-11 21:53:59.191  INFO 52 --- [                                    ] [          ] [               ] [main] o.a.c.c.C.[Tomcat].[localhost].[/]       : Initializing Spring embedded WebApplicationContext
2023-03-11 21:53:59.192  INFO 52 --- [                                    ] [          ] [               ] [main] w.s.c.ServletWebServerApplicationContext : Root WebApplicationContext: initialization completed in 14701 ms
2023-03-11 21:54:01.006  INFO 52 --- [                                    ] [          ] [               ] [main] com.zaxxer.hikari.HikariDataSource       : HikariPool-1 - Starting...
2023-03-11 21:54:01.604  INFO 52 --- [                                    ] [          ] [               ] [main] com.zaxxer.hikari.HikariDataSource       : HikariPool-1 - Start completed.
2023-03-11 21:54:01.998  INFO 52 --- [                                    ] [          ] [               ] [main] o.f.c.internal.license.VersionPrinter    : Flyway Community Edition 7.15.0 by Redgate
2023-03-11 21:54:02.000  INFO 52 --- [                                    ] [          ] [               ] [main] o.f.c.i.database.base.BaseDatabaseType   : Database: jdbc:sqlite:/home/runner/zfile/.zfile-v4/db/zfile (SQLite 3.36)
2023-03-11 21:54:02.308  INFO 52 --- [                                    ] [          ] [               ] [main] o.f.core.internal.command.DbValidate     : Successfully validated 15 migrations (execution time 00:00.207s)
2023-03-11 21:54:02.403  INFO 52 --- [                                    ] [          ] [               ] [main] o.f.core.internal.command.DbMigrate      : Current version of schema "main": 17
2023-03-11 21:54:02.409  WARN 52 --- [                                    ] [          ] [               ] [main] o.f.core.internal.command.DbMigrate      : outOfOrder mode is active. Migration of schema "main" may not be reproducible.
2023-03-11 21:54:02.411  INFO 52 --- [                                    ] [          ] [               ] [main] o.f.core.internal.command.DbMigrate      : Schema "main" is up to date. No migration necessary.
2023-03-11 21:54:18.495  INFO 52 --- [                                    ] [          ] [               ] [main] o.h.validator.internal.util.Version      : HV000001: Hibernate Validator 6.2.3.Final
2023-03-11 21:54:20.293  INFO 52 --- [                                    ] [          ] [               ] [main] o.s.b.a.w.s.WelcomePageHandlerMapping    : Adding welcome page: class path resource [static/index.html]
2023-03-11 21:54:22.397  INFO 52 --- [                                    ] [          ] [               ] [main] o.a.coyote.http11.Http11NioProtocol      : Starting ProtocolHandler ["http-nio-8080"]
2023-03-11 21:54:22.684  INFO 52 --- [                                    ] [          ] [               ] [main] o.s.b.w.embedded.tomcat.TomcatWebServer  : Tomcat started on port(s): 8080 (http) with context path ''
2023-03-11 21:54:32.189  INFO 52 --- [                                    ] [          ] [               ] [main] im.zhaojun.zfile.ZfileApplication        : Started ZfileApplication in 51.863 seconds (JVM running for 54.684)
2023-03-11 21:54:38.310  INFO 52 --- [                                    ] [          ] [               ] [http-nio-8080-exec-1] o.a.c.c.C.[Tomcat].[localhost].[/]       : Initializing Spring DispatcherServlet 'dispatcherServlet'
2023-03-11 21:54:38.311  INFO 52 --- [                                    ] [          ] [               ] [http-nio-8080-exec-1] o.s.web.servlet.DispatcherServlet        : Initializing Servlet 'dispatcherServlet'
2023-03-11 21:54:38.390  INFO 52 --- [                                    ] [          ] [               ] [http-nio-8080-exec-1] o.s.web.servlet.DispatcherServlet        : Completed initialization in 79 ms
2023-03-11 21:54:42.107  INFO 52 --- [                                    ] [          ] [               ] [scheduling-1] i.z.z.m.s.s.AccessTokenRefreshSchedule   : 开始执行需要定期刷新 AccessToken 存储源的定时任务
2023-03-11 21:54:42.108  INFO 52 --- [                                    ] [          ] [               ] [scheduling-1] i.z.z.m.s.s.AccessTokenRefreshSchedule   : 执行需要定期刷新 AccessToken 存储源的定时任务完成
2023-03-11 23:05:43.250  INFO 52 --- [                                    ] [          ] [               ] [main] im.zhaojun.zfile.ZfileApplication        : Starting ZfileApplication using Java 11.0.13 on 364b5036cf57 with PID 52 (/home/runner/zfile-replit/zfile/WEB-INF/classes started by runner in /home/runner/zfile-replit/zfile)
2023-03-11 23:05:43.393  INFO 52 --- [                                    ] [          ] [               ] [main] im.zhaojun.zfile.ZfileApplication        : The following 1 profile is active: "prod"
2023-03-11 23:06:03.399  INFO 52 --- [                                    ] [          ] [               ] [main] o.s.b.w.embedded.tomcat.TomcatWebServer  : Tomcat initialized with port(s): 8080 (http)
2023-03-11 23:06:03.474  INFO 52 --- [                                    ] [          ] [               ] [main] o.a.coyote.http11.Http11NioProtocol      : Initializing ProtocolHandler ["http-nio-8080"]
2023-03-11 23:06:03.476  INFO 52 --- [                                    ] [          ] [               ] [main] o.apache.catalina.core.StandardService   : Starting service [Tomcat]
2023-03-11 23:06:03.477  INFO 52 --- [                                    ] [          ] [               ] [main] org.apache.catalina.core.StandardEngine  : Starting Servlet engine: [Apache Tomcat/9.0.63]
2023-03-11 23:06:05.094  INFO 52 --- [                                    ] [          ] [               ] [main] o.a.c.c.C.[Tomcat].[localhost].[/]       : Initializing Spring embedded WebApplicationContext
2023-03-11 23:06:05.095  INFO 52 --- [                                    ] [          ] [               ] [main] w.s.c.ServletWebServerApplicationContext : Root WebApplicationContext: initialization completed in 21176 ms
2023-03-11 23:06:07.509  INFO 52 --- [                                    ] [          ] [               ] [main] com.zaxxer.hikari.HikariDataSource       : HikariPool-1 - Starting...
2023-03-11 23:06:08.632  INFO 52 --- [                                    ] [          ] [               ] [main] com.zaxxer.hikari.HikariDataSource       : HikariPool-1 - Start completed.
2023-03-11 23:06:09.618  INFO 52 --- [                                    ] [          ] [               ] [main] o.f.c.internal.license.VersionPrinter    : Flyway Community Edition 7.15.0 by Redgate
2023-03-11 23:06:09.635  INFO 52 --- [                                    ] [          ] [               ] [main] o.f.c.i.database.base.BaseDatabaseType   : Database: jdbc:sqlite:/home/runner/zfile-replit/.zfile-v4/db/zfile (SQLite 3.36)
2023-03-11 23:06:10.432  INFO 52 --- [                                    ] [          ] [               ] [main] o.f.core.internal.command.DbValidate     : Successfully validated 15 migrations (execution time 00:00.469s)
2023-03-11 23:06:10.533  INFO 52 --- [                                    ] [          ] [               ] [main] o.f.core.internal.command.DbMigrate      : Current version of schema "main": 17
2023-03-11 23:06:10.556  WARN 52 --- [                                    ] [          ] [               ] [main] o.f.core.internal.command.DbMigrate      : outOfOrder mode is active. Migration of schema "main" may not be reproducible.
2023-03-11 23:06:10.567  INFO 52 --- [                                    ] [          ] [               ] [main] o.f.core.internal.command.DbMigrate      : Schema "main" is up to date. No migration necessary.
2023-03-11 23:06:29.215  INFO 52 --- [                                    ] [          ] [               ] [main] o.h.validator.internal.util.Version      : HV000001: Hibernate Validator 6.2.3.Final
2023-03-11 23:06:31.219  INFO 52 --- [                                    ] [          ] [               ] [main] o.s.b.a.w.s.WelcomePageHandlerMapping    : Adding welcome page: class path resource [static/index.html]
2023-03-11 23:06:34.095  INFO 52 --- [                                    ] [          ] [               ] [main] o.a.coyote.http11.Http11NioProtocol      : Starting ProtocolHandler ["http-nio-8080"]
2023-03-11 23:06:34.345  INFO 52 --- [                                    ] [          ] [               ] [main] o.s.b.w.embedded.tomcat.TomcatWebServer  : Tomcat started on port(s): 8080 (http) with context path ''
2023-03-11 23:06:41.043  INFO 52 --- [                                    ] [          ] [               ] [http-nio-8080-exec-1] o.a.c.c.C.[Tomcat].[localhost].[/]       : Initializing Spring DispatcherServlet 'dispatcherServlet'
2023-03-11 23:06:41.045  INFO 52 --- [                                    ] [          ] [               ] [http-nio-8080-exec-1] o.s.web.servlet.DispatcherServlet        : Initializing Servlet 'dispatcherServlet'
2023-03-11 23:06:41.075  INFO 52 --- [                                    ] [          ] [               ] [http-nio-8080-exec-1] o.s.web.servlet.DispatcherServlet        : Completed initialization in 29 ms
2023-03-11 23:06:45.094  INFO 52 --- [                                    ] [          ] [               ] [main] im.zhaojun.zfile.ZfileApplication        : Started ZfileApplication in 69.799 seconds (JVM running for 74.505)
2023-03-11 23:06:55.080  INFO 52 --- [                                    ] [          ] [               ] [scheduling-1] i.z.z.m.s.s.AccessTokenRefreshSchedule   : 开始执行需要定期刷新 AccessToken 存储源的定时任务
2023-03-11 23:06:55.081  INFO 52 --- [                                    ] [          ] [               ] [scheduling-1] i.z.z.m.s.s.AccessTokenRefreshSchedule   : 执行需要定期刷新 AccessToken 存储源的定时任务完成
2023-03-11 23:11:38.809  INFO 52 --- [                                    ] [          ] [               ] [SpringApplicationShutdownHook] com.zaxxer.hikari.HikariDataSource       : HikariPool-1 - Shutdown initiated...
2023-03-11 23:11:38.847  INFO 52 --- [                                    ] [          ] [               ] [SpringApplicationShutdownHook] com.zaxxer.hikari.HikariDataSource       : HikariPool-1 - Shutdown completed.
2023-03-11 23:13:46.778  INFO 891 --- [                                    ] [          ] [               ] [main] im.zhaojun.zfile.ZfileApplication        : Starting ZfileApplication using Java 11.0.13 on 364b5036cf57 with PID 891 (/home/runner/zfile-replit/zfile/WEB-INF/classes started by runner in /home/runner/zfile-replit/zfile)
2023-03-11 23:13:46.785  INFO 891 --- [                                    ] [          ] [               ] [main] im.zhaojun.zfile.ZfileApplication        : The following 1 profile is active: "prod"
2023-03-11 23:14:03.380  INFO 891 --- [                                    ] [          ] [               ] [main] o.s.b.w.embedded.tomcat.TomcatWebServer  : Tomcat initialized with port(s): 8080 (http)
2023-03-11 23:14:03.411  INFO 891 --- [                                    ] [          ] [               ] [main] o.a.coyote.http11.Http11NioProtocol      : Initializing ProtocolHandler ["http-nio-8080"]
2023-03-11 23:14:03.475  INFO 891 --- [                                    ] [          ] [               ] [main] o.apache.catalina.core.StandardService   : Starting service [Tomcat]
2023-03-11 23:14:03.478  INFO 891 --- [                                    ] [          ] [               ] [main] org.apache.catalina.core.StandardEngine  : Starting Servlet engine: [Apache Tomcat/9.0.63]
2023-03-11 23:14:05.211  INFO 891 --- [                                    ] [          ] [               ] [main] o.a.c.c.C.[Tomcat].[localhost].[/]       : Initializing Spring embedded WebApplicationContext
2023-03-11 23:14:05.215  INFO 891 --- [                                    ] [          ] [               ] [main] w.s.c.ServletWebServerApplicationContext : Root WebApplicationContext: initialization completed in 18025 ms
2023-03-11 23:14:07.693  INFO 891 --- [                                    ] [          ] [               ] [main] com.zaxxer.hikari.HikariDataSource       : HikariPool-1 - Starting...
2023-03-11 23:14:08.200  INFO 891 --- [                                    ] [          ] [               ] [main] com.zaxxer.hikari.HikariDataSource       : HikariPool-1 - Start completed.
2023-03-11 23:14:08.633  INFO 891 --- [                                    ] [          ] [               ] [main] o.f.c.internal.license.VersionPrinter    : Flyway Community Edition 7.15.0 by Redgate
2023-03-11 23:14:08.644  INFO 891 --- [                                    ] [          ] [               ] [main] o.f.c.i.database.base.BaseDatabaseType   : Database: jdbc:sqlite:/home/runner/zfile-replit/.zfile-v4/db/zfile (SQLite 3.36)
2023-03-11 23:14:08.981  INFO 891 --- [                                    ] [          ] [               ] [main] o.f.core.internal.command.DbValidate     : Successfully validated 15 migrations (execution time 00:00.186s)
2023-03-11 23:14:09.045  INFO 891 --- [                                    ] [          ] [               ] [main] o.f.core.internal.command.DbMigrate      : Current version of schema "main": 17
2023-03-11 23:14:09.045  WARN 891 --- [                                    ] [          ] [               ] [main] o.f.core.internal.command.DbMigrate      : outOfOrder mode is active. Migration of schema "main" may not be reproducible.
2023-03-11 23:14:09.047  INFO 891 --- [                                    ] [          ] [               ] [main] o.f.core.internal.command.DbMigrate      : Schema "main" is up to date. No migration necessary.
2023-03-11 23:14:24.515  INFO 891 --- [                                    ] [          ] [               ] [main] o.h.validator.internal.util.Version      : HV000001: Hibernate Validator 6.2.3.Final
2023-03-11 23:14:26.383  INFO 891 --- [                                    ] [          ] [               ] [main] o.s.b.a.w.s.WelcomePageHandlerMapping    : Adding welcome page: class path resource [static/index.html]
2023-03-11 23:14:29.043  INFO 891 --- [                                    ] [          ] [               ] [main] o.a.coyote.http11.Http11NioProtocol      : Starting ProtocolHandler ["http-nio-8080"]
2023-03-11 23:14:29.341  INFO 891 --- [                                    ] [          ] [               ] [main] o.s.b.w.embedded.tomcat.TomcatWebServer  : Tomcat started on port(s): 8080 (http) with context path ''
2023-03-11 23:14:35.403  INFO 891 --- [                                    ] [          ] [               ] [http-nio-8080-exec-1] o.a.c.c.C.[Tomcat].[localhost].[/]       : Initializing Spring DispatcherServlet 'dispatcherServlet'
2023-03-11 23:14:35.502  INFO 891 --- [                                    ] [          ] [               ] [http-nio-8080-exec-1] o.s.web.servlet.DispatcherServlet        : Initializing Servlet 'dispatcherServlet'
2023-03-11 23:14:35.533  INFO 891 --- [                                    ] [          ] [               ] [http-nio-8080-exec-1] o.s.web.servlet.DispatcherServlet        : Completed initialization in 27 ms
2023-03-11 23:14:39.203  INFO 891 --- [                                    ] [          ] [               ] [main] im.zhaojun.zfile.ZfileApplication        : Started ZfileApplication in 56.703 seconds (JVM running for 59.617)
2023-03-11 23:14:49.199  INFO 891 --- [                                    ] [          ] [               ] [scheduling-1] i.z.z.m.s.s.AccessTokenRefreshSchedule   : 开始执行需要定期刷新 AccessToken 存储源的定时任务
2023-03-11 23:14:49.200  INFO 891 --- [                                    ] [          ] [               ] [scheduling-1] i.z.z.m.s.s.AccessTokenRefreshSchedule   : 执行需要定期刷新 AccessToken 存储源的定时任务完成
2023-03-11 23:23:30.101  INFO 891 --- [                                    ] [          ] [               ] [SpringApplicationShutdownHook] com.zaxxer.hikari.HikariDataSource       : HikariPool-1 - Shutdown initiated...
2023-03-11 23:23:30.176  INFO 891 --- [                                    ] [          ] [               ] [SpringApplicationShutdownHook] com.zaxxer.hikari.HikariDataSource       : HikariPool-1 - Shutdown completed.
2023-03-11 23:23:52.586  INFO 1935 --- [                                    ] [          ] [               ] [main] im.zhaojun.zfile.ZfileApplication        : Starting ZfileApplication using Java 11.0.13 on 364b5036cf57 with PID 1935 (/home/runner/zfile-replit/zfile/WEB-INF/classes started by runner in /home/runner/zfile-replit/zfile)
2023-03-11 23:23:52.591  INFO 1935 --- [                                    ] [          ] [               ] [main] im.zhaojun.zfile.ZfileApplication        : The following 1 profile is active: "prod"
2023-03-11 23:24:07.783  INFO 1935 --- [                                    ] [          ] [               ] [main] o.s.b.w.embedded.tomcat.TomcatWebServer  : Tomcat initialized with port(s): 8080 (http)
2023-03-11 23:24:07.802  INFO 1935 --- [                                    ] [          ] [               ] [main] o.a.coyote.http11.Http11NioProtocol      : Initializing ProtocolHandler ["http-nio-8080"]
2023-03-11 23:24:07.805  INFO 1935 --- [                                    ] [          ] [               ] [main] o.apache.catalina.core.StandardService   : Starting service [Tomcat]
2023-03-11 23:24:07.874  INFO 1935 --- [                                    ] [          ] [               ] [main] org.apache.catalina.core.StandardEngine  : Starting Servlet engine: [Apache Tomcat/9.0.63]
2023-03-11 23:24:09.280  INFO 1935 --- [                                    ] [          ] [               ] [main] o.a.c.c.C.[Tomcat].[localhost].[/]       : Initializing Spring embedded WebApplicationContext
2023-03-11 23:24:09.287  INFO 1935 --- [                                    ] [          ] [               ] [main] w.s.c.ServletWebServerApplicationContext : Root WebApplicationContext: initialization completed in 16254 ms
2023-03-11 23:24:10.977  INFO 1935 --- [                                    ] [          ] [               ] [main] com.zaxxer.hikari.HikariDataSource       : HikariPool-1 - Starting...
2023-03-11 23:24:11.598  INFO 1935 --- [                                    ] [          ] [               ] [main] com.zaxxer.hikari.HikariDataSource       : HikariPool-1 - Start completed.
2023-03-11 23:24:11.978  INFO 1935 --- [                                    ] [          ] [               ] [main] o.f.c.internal.license.VersionPrinter    : Flyway Community Edition 7.15.0 by Redgate
2023-03-11 23:24:11.993  INFO 1935 --- [                                    ] [          ] [               ] [main] o.f.c.i.database.base.BaseDatabaseType   : Database: jdbc:sqlite:/home/runner/zfile-replit/.zfile-v4/db/zfile (SQLite 3.36)
2023-03-11 23:24:12.278  INFO 1935 --- [                                    ] [          ] [               ] [main] o.f.core.internal.command.DbValidate     : Successfully validated 15 migrations (execution time 00:00.182s)
2023-03-11 23:24:12.287  INFO 1935 --- [                                    ] [          ] [               ] [main] o.f.c.i.s.JdbcTableSchemaHistory         : Creating Schema History table "main"."flyway_schema_history" ...
2023-03-11 23:24:12.390  INFO 1935 --- [                                    ] [          ] [               ] [main] o.f.core.internal.command.DbMigrate      : Current version of schema "main": << Empty Schema >>
2023-03-11 23:24:12.391  WARN 1935 --- [                                    ] [          ] [               ] [main] o.f.core.internal.command.DbMigrate      : outOfOrder mode is active. Migration of schema "main" may not be reproducible.
2023-03-11 23:24:12.499  INFO 1935 --- [                                    ] [          ] [               ] [main] o.f.core.internal.command.DbMigrate      : Migrating schema "main" to version "1 - Base version"
2023-03-11 23:24:12.599  INFO 1935 --- [                                    ] [          ] [               ] [main] o.f.core.internal.command.DbMigrate      : Migrating schema "main" to version "2 - download log modify storage key field length"
2023-03-11 23:24:12.698  INFO 1935 --- [                                    ] [          ] [               ] [main] o.f.core.internal.command.DbMigrate      : Migrating schema "main" to version "3 - system config add field file click mode"
2023-03-11 23:24:12.774  INFO 1935 --- [                                    ] [          ] [               ] [main] o.f.core.internal.command.DbMigrate      : Migrating schema "main" to version "4 - download log modify ip field length"
2023-03-11 23:24:12.783  INFO 1935 --- [                                    ] [          ] [               ] [main] o.f.core.internal.command.DbMigrate      : Migrating schema "main" to version "7 - system config add field max file uploads"
2023-03-11 23:24:12.795  INFO 1935 --- [                                    ] [          ] [               ] [main] o.f.core.internal.command.DbMigrate      : Migrating schema "main" to version "8 - storage source add field compatibility readme"
2023-03-11 23:24:12.878  INFO 1935 --- [                                    ] [          ] [               ] [main] o.f.core.internal.command.DbMigrate      : Migrating schema "main" to version "9 - system config add field only office url"
2023-03-11 23:24:12.917  INFO 1935 --- [                                    ] [          ] [               ] [main] o.f.core.internal.command.DbMigrate      : Migrating schema "main" to version "11 - system config modify field only office url to https"
2023-03-11 23:24:12.927  INFO 1935 --- [                                    ] [          ] [               ] [main] o.f.core.internal.command.DbMigrate      : Migrating schema "main" to version "12 - system config modify field value to text"
2023-03-11 23:24:13.007  INFO 1935 --- [                                    ] [          ] [               ] [main] o.f.core.internal.command.DbMigrate      : Migrating schema "main" to version "13 - system config add field allow path link anon access"
2023-03-11 23:24:13.074  INFO 1935 --- [                                    ] [          ] [               ] [main] o.f.core.internal.command.DbMigrate      : Migrating schema "main" to version "14 - system config add field load more size"
2023-03-11 23:24:13.091  INFO 1935 --- [                                    ] [          ] [               ] [main] o.f.core.internal.command.DbMigrate      : Migrating schema "main" to version "15 - system config add field site home name"
2023-03-11 23:24:13.117  INFO 1935 --- [                                    ] [          ] [               ] [main] o.f.core.internal.command.DbMigrate      : Migrating schema "main" to version "16 - system config add field default sort field"
2023-03-11 23:24:13.192  INFO 1935 --- [                                    ] [          ] [               ] [main] o.f.core.internal.command.DbMigrate      : Migrating schema "main" to version "17 - system config add field link limit field"
2023-03-11 23:24:13.231  INFO 1935 --- [                                    ] [          ] [               ] [main] o.f.core.internal.command.DbMigrate      : Migrating schema "main" with repeatable migration "data"
2023-03-11 23:24:13.281  INFO 1935 --- [                                    ] [          ] [               ] [main] o.f.core.internal.command.DbMigrate      : Successfully applied 15 migrations to schema "main", now at version v17 (execution time 00:00.894s)
2023-03-11 23:24:27.483  INFO 1935 --- [                                    ] [          ] [               ] [main] o.h.validator.internal.util.Version      : HV000001: Hibernate Validator 6.2.3.Final
2023-03-11 23:24:29.103  INFO 1935 --- [                                    ] [          ] [               ] [main] o.s.b.a.w.s.WelcomePageHandlerMapping    : Adding welcome page: class path resource [static/index.html]
2023-03-11 23:24:31.596  INFO 1935 --- [                                    ] [          ] [               ] [main] o.a.coyote.http11.Http11NioProtocol      : Starting ProtocolHandler ["http-nio-8080"]
2023-03-11 23:24:32.029  INFO 1935 --- [                                    ] [          ] [               ] [main] o.s.b.w.embedded.tomcat.TomcatWebServer  : Tomcat started on port(s): 8080 (http) with context path ''
2023-03-11 23:24:40.093  INFO 1935 --- [                                    ] [          ] [               ] [main] im.zhaojun.zfile.ZfileApplication        : Started ZfileApplication in 51.519 seconds (JVM running for 54.583)
2023-03-11 23:24:46.779  INFO 1935 --- [                                    ] [          ] [               ] [http-nio-8080-exec-1] o.a.c.c.C.[Tomcat].[localhost].[/]       : Initializing Spring DispatcherServlet 'dispatcherServlet'
2023-03-11 23:24:46.783  INFO 1935 --- [                                    ] [          ] [               ] [http-nio-8080-exec-1] o.s.web.servlet.DispatcherServlet        : Initializing Servlet 'dispatcherServlet'
2023-03-11 23:24:46.786  INFO 1935 --- [                                    ] [          ] [               ] [http-nio-8080-exec-1] o.s.web.servlet.DispatcherServlet        : Completed initialization in 3 ms
2023-03-11 23:24:50.085  INFO 1935 --- [                                    ] [          ] [               ] [scheduling-1] i.z.z.m.s.s.AccessTokenRefreshSchedule   : 开始执行需要定期刷新 AccessToken 存储源的定时任务
2023-03-11 23:24:50.086  INFO 1935 --- [                                    ] [          ] [               ] [scheduling-1] i.z.z.m.s.s.AccessTokenRefreshSchedule   : 执行需要定期刷新 AccessToken 存储源的定时任务完成
2023-03-11 23:33:10.975  INFO 1935 --- [                                    ] [          ] [               ] [SpringApplicationShutdownHook] com.zaxxer.hikari.HikariDataSource       : HikariPool-1 - Shutdown initiated...
2023-03-11 23:33:10.980  INFO 1935 --- [                                    ] [          ] [               ] [SpringApplicationShutdownHook] com.zaxxer.hikari.HikariDataSource       : HikariPool-1 - Shutdown completed.
2023-03-14 01:16:09.545  INFO 1300 --- [                                    ] [          ] [               ] [main] im.zhaojun.zfile.ZfileApplication        : Starting ZfileApplication using Java 11.0.13 on 58789d3118ac with PID 1300 (/home/runner/zfile-replit/zfile/WEB-INF/classes started by runner in /home/runner/zfile-replit/zfile)
2023-03-14 01:16:09.556  INFO 1300 --- [                                    ] [          ] [               ] [main] im.zhaojun.zfile.ZfileApplication        : The following 1 profile is active: "prod"
2023-03-14 01:16:24.423  INFO 1300 --- [                                    ] [          ] [               ] [main] o.s.b.w.embedded.tomcat.TomcatWebServer  : Tomcat initialized with port(s): 8080 (http)
2023-03-14 01:16:24.577  INFO 1300 --- [                                    ] [          ] [               ] [main] o.a.coyote.http11.Http11NioProtocol      : Initializing ProtocolHandler ["http-nio-8080"]
2023-03-14 01:16:24.590  INFO 1300 --- [                                    ] [          ] [               ] [main] o.apache.catalina.core.StandardService   : Starting service [Tomcat]
2023-03-14 01:16:24.597  INFO 1300 --- [                                    ] [          ] [               ] [main] org.apache.catalina.core.StandardEngine  : Starting Servlet engine: [Apache Tomcat/9.0.63]
2023-03-14 01:16:26.418  INFO 1300 --- [                                    ] [          ] [               ] [main] o.a.c.c.C.[Tomcat].[localhost].[/]       : Initializing Spring embedded WebApplicationContext
2023-03-14 01:16:26.424  INFO 1300 --- [                                    ] [          ] [               ] [main] w.s.c.ServletWebServerApplicationContext : Root WebApplicationContext: initialization completed in 16547 ms
2023-03-14 01:16:29.405  INFO 1300 --- [                                    ] [          ] [               ] [main] com.zaxxer.hikari.HikariDataSource       : HikariPool-1 - Starting...
2023-03-14 01:16:29.970  INFO 1300 --- [                                    ] [          ] [               ] [main] com.zaxxer.hikari.HikariDataSource       : HikariPool-1 - Start completed.
2023-03-14 01:16:30.371  INFO 1300 --- [                                    ] [          ] [               ] [main] o.f.c.internal.license.VersionPrinter    : Flyway Community Edition 7.15.0 by Redgate
2023-03-14 01:16:30.373  INFO 1300 --- [                                    ] [          ] [               ] [main] o.f.c.i.database.base.BaseDatabaseType   : Database: jdbc:sqlite:/home/runner/zfile-replit/.zfile-v4/db/zfile (SQLite 3.36)
2023-03-14 01:16:30.552  INFO 1300 --- [                                    ] [          ] [               ] [main] o.f.core.internal.command.DbValidate     : Successfully validated 15 migrations (execution time 00:00.073s)
2023-03-14 01:16:30.568  INFO 1300 --- [                                    ] [          ] [               ] [main] o.f.core.internal.command.DbMigrate      : Current version of schema "main": 17
2023-03-14 01:16:30.574  WARN 1300 --- [                                    ] [          ] [               ] [main] o.f.core.internal.command.DbMigrate      : outOfOrder mode is active. Migration of schema "main" may not be reproducible.
2023-03-14 01:16:30.575  INFO 1300 --- [                                    ] [          ] [               ] [main] o.f.core.internal.command.DbMigrate      : Schema "main" is up to date. No migration necessary.
2023-03-14 01:16:49.165  INFO 1300 --- [                                    ] [          ] [               ] [main] o.h.validator.internal.util.Version      : HV000001: Hibernate Validator 6.2.3.Final
2023-03-14 01:16:51.337  INFO 1300 --- [                                    ] [          ] [               ] [main] o.s.b.a.w.s.WelcomePageHandlerMapping    : Adding welcome page: class path resource [static/index.html]
2023-03-14 01:16:53.385  INFO 1300 --- [                                    ] [          ] [               ] [main] o.a.coyote.http11.Http11NioProtocol      : Starting ProtocolHandler ["http-nio-8080"]
2023-03-14 01:16:53.565  INFO 1300 --- [                                    ] [          ] [               ] [main] o.s.b.w.embedded.tomcat.TomcatWebServer  : Tomcat started on port(s): 8080 (http) with context path ''
2023-03-14 01:17:01.011  INFO 1300 --- [                                    ] [          ] [               ] [main] im.zhaojun.zfile.ZfileApplication        : Started ZfileApplication in 55.612 seconds (JVM running for 58.224)
2023-03-14 01:17:01.961  INFO 1300 --- [                                    ] [          ] [               ] [http-nio-8080-exec-1] o.a.c.c.C.[Tomcat].[localhost].[/]       : Initializing Spring DispatcherServlet 'dispatcherServlet'
2023-03-14 01:17:01.968  INFO 1300 --- [                                    ] [          ] [               ] [http-nio-8080-exec-1] o.s.web.servlet.DispatcherServlet        : Initializing Servlet 'dispatcherServlet'
2023-03-14 01:17:01.971  INFO 1300 --- [                                    ] [          ] [               ] [http-nio-8080-exec-1] o.s.web.servlet.DispatcherServlet        : Completed initialization in 3 ms
2023-03-14 01:17:10.999  INFO 1300 --- [                                    ] [          ] [               ] [scheduling-1] i.z.z.m.s.s.AccessTokenRefreshSchedule   : 开始执行需要定期刷新 AccessToken 存储源的定时任务
2023-03-14 01:17:11.000  INFO 1300 --- [                                    ] [          ] [               ] [scheduling-1] i.z.z.m.s.s.AccessTokenRefreshSchedule   : 执行需要定期刷新 AccessToken 存储源的定时任务完成
